<?xml version="1.0" encoding="UTF-8"?>
<!-- Generated by org.testng.reporters.JUnitReportReporter -->
<testsuite skipped="0" hostname="DESKTOP-1Q5OD2B" name="Application.AvactisRegisteredUser" tests="4" failures="0" timestamp="06 Oct 2019 10:16:29 GMT" time="51.739" errors="0">
  <testcase name="clickOnCustomer" time="9.370" classname="Application.AvactisRegisteredUser"/>
  <testcase name="checkDetails" time="26.896" classname="Application.AvactisRegisteredUser"/>
  <testcase name="adminLogin" time="9.477" classname="Application.AvactisRegisteredUser"/>
  <testcase name="adminLogin" time="5.996" classname="Application.AvactisRegisteredUser"/>
</testsuite> <!-- Application.AvactisRegisteredUser -->
