<?xml version="1.0" encoding="UTF-8"?>
<!-- Generated by org.testng.reporters.JUnitReportReporter -->
<testsuite skipped="16" hostname="DESKTOP-1Q5OD2B" name="ApplicationTest.AvactisRegisteredUser" tests="17" failures="0" timestamp="07 Oct 2019 17:32:08 GMT" time="9.852" errors="0">
  <testcase name="clickViewCart" time="0.000" classname="ApplicationTest.AvactisRegisteredUser">
    <skipped/>
  </testcase> <!-- clickViewCart -->
  <testcase name="clickOnContinueCheckout2" time="0.000" classname="ApplicationTest.AvactisRegisteredUser">
    <skipped/>
  </testcase> <!-- clickOnContinueCheckout2 -->
  <testcase name="clickOnCustomer" time="0.000" classname="ApplicationTest.AvactisRegisteredUser">
    <skipped/>
  </testcase> <!-- clickOnCustomer -->
  <testcase name="CustomerRegister" time="0.000" classname="ApplicationTest.AvactisRegisteredUser">
    <skipped/>
  </testcase> <!-- CustomerRegister -->
  <testcase name="selectBillingOption" time="0.000" classname="ApplicationTest.AvactisRegisteredUser">
    <skipped/>
  </testcase> <!-- selectBillingOption -->
  <testcase name="ProductHomePage" time="0.000" classname="ApplicationTest.AvactisRegisteredUser">
    <skipped/>
  </testcase> <!-- ProductHomePage -->
  <testcase name="CustomerHome" time="9.848" classname="ApplicationTest.AvactisRegisteredUser"/>
  <testcase name="clickOnContinueCheckout" time="0.000" classname="ApplicationTest.AvactisRegisteredUser">
    <skipped/>
  </testcase> <!-- clickOnContinueCheckout -->
  <testcase name="clickCheckout" time="0.000" classname="ApplicationTest.AvactisRegisteredUser">
    <skipped/>
  </testcase> <!-- clickCheckout -->
  <testcase name="verifyOrder" time="0.000" classname="ApplicationTest.AvactisRegisteredUser">
    <skipped/>
  </testcase> <!-- verifyOrder -->
  <testcase name="adminLogin" time="0.000" classname="ApplicationTest.AvactisRegisteredUser">
    <skipped/>
  </testcase> <!-- adminLogin -->
  <testcase name="CustomerSignIn" time="0.000" classname="ApplicationTest.AvactisRegisteredUser">
    <skipped/>
  </testcase> <!-- CustomerSignIn -->
  <testcase name="CustomerSignedInPage" time="0.000" classname="ApplicationTest.AvactisRegisteredUser">
    <skipped/>
  </testcase> <!-- CustomerSignedInPage -->
  <testcase name="clickPlaceOrder" time="0.000" classname="ApplicationTest.AvactisRegisteredUser">
    <skipped/>
  </testcase> <!-- clickPlaceOrder -->
  <testcase name="selectShippingOption" time="0.000" classname="ApplicationTest.AvactisRegisteredUser">
    <skipped/>
  </testcase> <!-- selectShippingOption -->
  <testcase name="verifyProduct" time="0.000" classname="ApplicationTest.AvactisRegisteredUser">
    <skipped/>
  </testcase> <!-- verifyProduct -->
  <testcase name="checkDetails" time="0.004" classname="ApplicationTest.AvactisRegisteredUser">
    <skipped/>
  </testcase> <!-- checkDetails -->
</testsuite> <!-- ApplicationTest.AvactisRegisteredUser -->
