<?xml version="1.0" encoding="UTF-8"?>
<!-- Generated by org.testng.reporters.JUnitReportReporter -->
<testsuite skipped="0" hostname="DESKTOP-1Q5OD2B" name="Application.AvactisGuestUser" tests="4" failures="0" timestamp="06 Oct 2019 10:16:29 GMT" time="53.098" errors="0">
  <testcase name="clickOnCustomer" time="9.404" classname="Application.AvactisGuestUser"/>
  <testcase name="adminLogin" time="9.488" classname="Application.AvactisGuestUser"/>
  <testcase name="checkDetails" time="27.751" classname="Application.AvactisGuestUser"/>
  <testcase name="adminLogin" time="6.455" classname="Application.AvactisGuestUser"/>
</testsuite> <!-- Application.AvactisGuestUser -->
