<?xml version="1.0" encoding="UTF-8"?>
<!-- Generated by org.testng.reporters.JUnitReportReporter -->
<testsuite skipped="0" hostname="DESKTOP-1Q5OD2B" name="avactis.MavenAvactisProject.AdminLogin" tests="2" failures="0" timestamp="21 Aug 2019 14:01:24 GMT" time="21.112" errors="0">
  <testcase name="setProperty" time="20.907" classname="avactis.MavenAvactisProject.AdminLogin"/>
  <testcase name="enterAdminName1" time="0.205" classname="avactis.MavenAvactisProject.AdminLogin"/>
</testsuite> <!-- avactis.MavenAvactisProject.AdminLogin -->
