<?xml version="1.0" encoding="UTF-8"?>
<!-- Generated by org.testng.reporters.JUnitReportReporter -->
<testsuite skipped="0" hostname="DESKTOP-1Q5OD2B" name="avactis.MavenAvactisProject.GetURL" tests="3" failures="0" timestamp="22 Sep 2019 04:54:51 GMT" time="2.233" errors="0">
  <testcase name="clickSignIn" time="2.069" classname="avactis.MavenAvactisProject.GetURL"/>
  <testcase name="enterCredentials" time="0.141" classname="avactis.MavenAvactisProject.GetURL"/>
  <testcase name="verifyLogin" time="0.023" classname="avactis.MavenAvactisProject.GetURL"/>
</testsuite> <!-- avactis.MavenAvactisProject.GetURL -->
