<?xml version="1.0" encoding="UTF-8"?>
<!-- Generated by org.testng.reporters.JUnitReportReporter -->
<testsuite skipped="0" hostname="DESKTOP-1Q5OD2B" name="customerRegisteration.SelectProduct" tests="25" failures="0" timestamp="22 Sep 2019 16:58:53 GMT" time="87.812" errors="0">
  <testcase name="CheckFirstProductQuantity" time="0.300" classname="customerRegisteration.SelectProduct"/>
  <testcase name="AddSecondProduct" time="0.320" classname="customerRegisteration.SelectProduct"/>
  <testcase name="checkThirdProductQuantity" time="0.306" classname="customerRegisteration.SelectProduct"/>
  <testcase name="clickContinueCheckout" time="0.332" classname="customerRegisteration.SelectProduct"/>
  <testcase name="placeOrders" time="7.932" classname="customerRegisteration.SelectProduct"/>
  <testcase name="checkThirdProductPrice" time="0.328" classname="customerRegisteration.SelectProduct"/>
  <testcase name="clickHomeIcon" time="4.457" classname="customerRegisteration.SelectProduct"/>
  <testcase name="checkBillingOption" time="4.565" classname="customerRegisteration.SelectProduct"/>
  <testcase name="gotoHomePage" time="6.643" classname="customerRegisteration.SelectProduct"/>
  <testcase name="verifyOrder" time="5.063" classname="customerRegisteration.SelectProduct"/>
  <testcase name="AddThirdProduct" time="0.250" classname="customerRegisteration.SelectProduct"/>
  <testcase name="checkShippingOption" time="0.244" classname="customerRegisteration.SelectProduct"/>
  <testcase name="enterCredentials" time="11.514" classname="customerRegisteration.SelectProduct"/>
  <testcase name="selectSecondProduct" time="3.981" classname="customerRegisteration.SelectProduct"/>
  <testcase name="checkSecondProductQuantity" time="0.272" classname="customerRegisteration.SelectProduct"/>
  <testcase name="selectThirdProduct" time="4.121" classname="customerRegisteration.SelectProduct"/>
  <testcase name="clickHomeIcon2" time="4.405" classname="customerRegisteration.SelectProduct"/>
  <testcase name="clickViewCart" time="8.544" classname="customerRegisteration.SelectProduct"/>
  <testcase name="CheckFirstProductPrice" time="5.344" classname="customerRegisteration.SelectProduct"/>
  <testcase name="clickCheckout" time="4.512" classname="customerRegisteration.SelectProduct"/>
  <testcase name="AddFirstProduct" time="0.268" classname="customerRegisteration.SelectProduct"/>
  <testcase name="checkSecondProductPrice" time="3.272" classname="customerRegisteration.SelectProduct"/>
  <testcase name="selectFirstProduct" time="7.153" classname="customerRegisteration.SelectProduct"/>
  <testcase name="clickNumberOfItem" time="0.416" classname="customerRegisteration.SelectProduct"/>
  <testcase name="clickContinueCheckout2" time="3.270" classname="customerRegisteration.SelectProduct"/>
</testsuite> <!-- customerRegisteration.SelectProduct -->
