<?xml version="1.0" encoding="UTF-8"?>
<!-- Generated by org.testng.reporters.JUnitReportReporter -->
<testsuite skipped="0" hostname="DESKTOP-1Q5OD2B" name="avactis.MavenAvactisProject.VerifyDetailsFromAdmin" tests="7" failures="0" timestamp="22 Sep 2019 16:58:53 GMT" time="67.453" errors="0">
  <testcase name="clickSignIn" time="4.002" classname="avactis.MavenAvactisProject.VerifyDetailsFromAdmin"/>
  <testcase name="clickOnCustomersOption" time="14.169" classname="avactis.MavenAvactisProject.VerifyDetailsFromAdmin"/>
  <testcase name="clickOnCustomer" time="18.808" classname="avactis.MavenAvactisProject.VerifyDetailsFromAdmin"/>
  <testcase name="verifyLogin" time="0.015" classname="avactis.MavenAvactisProject.VerifyDetailsFromAdmin"/>
  <testcase name="clickOnMenu" time="10.031" classname="avactis.MavenAvactisProject.VerifyDetailsFromAdmin"/>
  <testcase name="verifyCustomerOrder" time="20.253" classname="avactis.MavenAvactisProject.VerifyDetailsFromAdmin"/>
  <testcase name="enterCredentials" time="0.175" classname="avactis.MavenAvactisProject.VerifyDetailsFromAdmin"/>
</testsuite> <!-- avactis.MavenAvactisProject.VerifyDetailsFromAdmin -->
