<?xml version="1.0" encoding="UTF-8"?>
<!-- Generated by org.testng.reporters.JUnitReportReporter -->
<testsuite skipped="0" hostname="DESKTOP-1Q5OD2B" name="customerRegisteration.CustomerHomePage" tests="3" failures="0" timestamp="09 Sep 2019 15:17:36 GMT" time="29.495" errors="0">
  <testcase name="clickRegister" time="18.243" classname="customerRegisteration.CustomerHomePage"/>
  <testcase name="setProperty" time="8.455" classname="customerRegisteration.CustomerHomePage"/>
  <testcase name="clickSignIn" time="2.797" classname="customerRegisteration.CustomerHomePage"/>
</testsuite> <!-- customerRegisteration.CustomerHomePage -->
