<?xml version="1.0" encoding="UTF-8"?>
<!-- Generated by org.testng.reporters.JUnitReportReporter -->
<testsuite skipped="0" hostname="DESKTOP-1Q5OD2B" name="Application.TestAvactis" tests="1" failures="0" timestamp="04 Oct 2019 13:29:17 GMT" time="7.108" errors="0">
  <testcase name="CustomerSignIn" time="7.108" classname="Application.TestAvactis"/>
</testsuite> <!-- Application.TestAvactis -->
