<?xml version="1.0" encoding="UTF-8"?>
<!-- Generated by org.testng.reporters.JUnitReportReporter -->
<testsuite skipped="0" hostname="DESKTOP-1Q5OD2B" name="customerRegisteration.CustomerSignIn" tests="2" failures="0" timestamp="22 Sep 2019 08:22:38 GMT" time="17.853" errors="0">
  <testcase name="gotoHomePage" time="6.354" classname="customerRegisteration.CustomerSignIn"/>
  <testcase name="enterCredentials" time="11.499" classname="customerRegisteration.CustomerSignIn"/>
</testsuite> <!-- customerRegisteration.CustomerSignIn -->
