<?xml version="1.0" encoding="UTF-8"?>
<!-- Generated by org.testng.reporters.JUnitReportReporter -->
<testsuite skipped="0" hostname="DESKTOP-1Q5OD2B" name="avactis.MavenAvactisProject.extra" tests="1" failures="0" timestamp="29 Sep 2019 06:52:02 GMT" time="16.095" errors="0">
  <testcase name="f" time="16.095" classname="avactis.MavenAvactisProject.extra"/>
</testsuite> <!-- avactis.MavenAvactisProject.extra -->
