<?xml version="1.0" encoding="UTF-8"?>
<!-- Generated by org.testng.reporters.JUnitReportReporter -->
<testsuite skipped="0" hostname="DESKTOP-1Q5OD2B" name="customerRegisteration.CustomerRegisteraionForm" tests="6" failures="0" timestamp="22 Sep 2019 16:58:53 GMT" time="120.864" errors="0">
  <testcase name="enterValues" time="29.012" classname="customerRegisteration.CustomerRegisteraionForm"/>
  <testcase name="enterValues" time="29.026" classname="customerRegisteration.CustomerRegisteraionForm"/>
  <testcase name="setProperty" time="10.588" classname="customerRegisteration.CustomerRegisteraionForm"/>
  <testcase name="enterValues" time="29.001" classname="customerRegisteration.CustomerRegisteraionForm"/>
  <testcase name="clickRegister" time="19.409" classname="customerRegisteration.CustomerRegisteraionForm"/>
  <testcase name="clickSignIn" time="3.828" classname="customerRegisteration.CustomerRegisteraionForm"/>
</testsuite> <!-- customerRegisteration.CustomerRegisteraionForm -->
