<?xml version="1.0" encoding="UTF-8"?>
<!-- Generated by org.testng.reporters.JUnitReportReporter -->
<testsuite skipped="14" hostname="DESKTOP-1Q5OD2B" name="ApplicationTest.AvactisGuestUser" tests="15" failures="0" timestamp="07 Oct 2019 17:32:08 GMT" time="10.802" errors="0">
  <testcase name="verifyOrder" time="0.000" classname="ApplicationTest.AvactisGuestUser">
    <skipped/>
  </testcase> <!-- verifyOrder -->
  <testcase name="clickOnContinueCheckout2" time="0.000" classname="ApplicationTest.AvactisGuestUser">
    <skipped/>
  </testcase> <!-- clickOnContinueCheckout2 -->
  <testcase name="customerHome" time="10.801" classname="ApplicationTest.AvactisGuestUser"/>
  <testcase name="selectShippingOption" time="0.000" classname="ApplicationTest.AvactisGuestUser">
    <skipped/>
  </testcase> <!-- selectShippingOption -->
  <testcase name="ProductHomePage" time="0.000" classname="ApplicationTest.AvactisGuestUser">
    <skipped/>
  </testcase> <!-- ProductHomePage -->
  <testcase name="guestCustomerDetails" time="0.000" classname="ApplicationTest.AvactisGuestUser">
    <skipped/>
  </testcase> <!-- guestCustomerDetails -->
  <testcase name="selectBillingOption" time="0.000" classname="ApplicationTest.AvactisGuestUser">
    <skipped/>
  </testcase> <!-- selectBillingOption -->
  <testcase name="clickViewCart" time="0.000" classname="ApplicationTest.AvactisGuestUser">
    <skipped/>
  </testcase> <!-- clickViewCart -->
  <testcase name="clickPlaceOrder" time="0.000" classname="ApplicationTest.AvactisGuestUser">
    <skipped/>
  </testcase> <!-- clickPlaceOrder -->
  <testcase name="verifyProduct" time="0.000" classname="ApplicationTest.AvactisGuestUser">
    <skipped/>
  </testcase> <!-- verifyProduct -->
  <testcase name="checkDetails" time="0.001" classname="ApplicationTest.AvactisGuestUser">
    <skipped/>
  </testcase> <!-- checkDetails -->
  <testcase name="clickOnCustomer" time="0.000" classname="ApplicationTest.AvactisGuestUser">
    <skipped/>
  </testcase> <!-- clickOnCustomer -->
  <testcase name="clickCheckout" time="0.000" classname="ApplicationTest.AvactisGuestUser">
    <skipped/>
  </testcase> <!-- clickCheckout -->
  <testcase name="adminLogin" time="0.000" classname="ApplicationTest.AvactisGuestUser">
    <skipped/>
  </testcase> <!-- adminLogin -->
  <testcase name="clickOnContinueCheckout" time="0.000" classname="ApplicationTest.AvactisGuestUser">
    <skipped/>
  </testcase> <!-- clickOnContinueCheckout -->
</testsuite> <!-- ApplicationTest.AvactisGuestUser -->
