<?xml version="1.0" encoding="UTF-8"?>
<!-- Generated by org.testng.reporters.JUnitReportReporter -->
<testsuite skipped="0" hostname="DESKTOP-1Q5OD2B" name="Customer.CustomerBase" tests="1" failures="0" timestamp="24 Sep 2019 13:40:28 GMT" time="0.008" errors="0">
  <testcase name="A" time="0.008" classname="Customer.CustomerBase"/>
</testsuite> <!-- Customer.CustomerBase -->
