<?xml version="1.0" encoding="UTF-8"?>
<!-- Generated by org.testng.reporters.JUnitReportReporter -->
<testsuite skipped="0" hostname="DESKTOP-1Q5OD2B" name="Application.AvactisGuestUser" tests="20" failures="0" timestamp="06 Oct 2019 10:28:02 GMT" time="137.377" errors="0">
  <testcase name="verifyProduct" time="0.304" classname="Application.AvactisGuestUser"/>
  <testcase name="selectBillingOption" time="3.922" classname="Application.AvactisGuestUser"/>
  <testcase name="clickOnContinueCheckout2" time="0.348" classname="Application.AvactisGuestUser"/>
  <testcase name="verifyProduct" time="0.204" classname="Application.AvactisGuestUser"/>
  <testcase name="adminLogin" time="7.859" classname="Application.AvactisGuestUser"/>
  <testcase name="ProductHomePage" time="11.228" classname="Application.AvactisGuestUser"/>
  <testcase name="clickOnContinueCheckout" time="0.461" classname="Application.AvactisGuestUser"/>
  <testcase name="verifyProduct" time="0.432" classname="Application.AvactisGuestUser"/>
  <testcase name="ProductHomePage" time="11.363" classname="Application.AvactisGuestUser"/>
  <testcase name="guestCustomerDetails" time="3.059" classname="Application.AvactisGuestUser"/>
  <testcase name="adminLogin" time="6.440" classname="Application.AvactisGuestUser"/>
  <testcase name="verifyOrder" time="10.584" classname="Application.AvactisGuestUser"/>
  <testcase name="clickPlaceOrder" time="9.053" classname="Application.AvactisGuestUser"/>
  <testcase name="clickOnCustomer" time="8.871" classname="Application.AvactisGuestUser"/>
  <testcase name="clickCheckout" time="5.696" classname="Application.AvactisGuestUser"/>
  <testcase name="clickViewCart" time="8.815" classname="Application.AvactisGuestUser"/>
  <testcase name="checkDetails" time="25.718" classname="Application.AvactisGuestUser"/>
  <testcase name="ProductHomePage" time="10.811" classname="Application.AvactisGuestUser"/>
  <testcase name="customerHome" time="11.699" classname="Application.AvactisGuestUser"/>
  <testcase name="selectShippingOption" time="0.510" classname="Application.AvactisGuestUser"/>
</testsuite> <!-- Application.AvactisGuestUser -->
