<?xml version="1.0" encoding="UTF-8"?>
<!-- Generated by org.testng.reporters.JUnitReportReporter -->
<testsuite skipped="0" hostname="DESKTOP-1Q5OD2B" name="Application.AvactisRegisteredUser" tests="24" failures="0" timestamp="06 Oct 2019 10:28:02 GMT" time="186.594" errors="0">
  <testcase name="ProductHomePage" time="11.038" classname="Application.AvactisRegisteredUser"/>
  <testcase name="adminLogin" time="5.785" classname="Application.AvactisRegisteredUser"/>
  <testcase name="CustomerSignedInPage" time="4.295" classname="Application.AvactisRegisteredUser"/>
  <testcase name="CustomerRegister" time="15.600" classname="Application.AvactisRegisteredUser"/>
  <testcase name="clickOnContinueCheckout2" time="0.525" classname="Application.AvactisRegisteredUser"/>
  <testcase name="clickPlaceOrder" time="9.264" classname="Application.AvactisRegisteredUser"/>
  <testcase name="checkDetails" time="26.276" classname="Application.AvactisRegisteredUser"/>
  <testcase name="ProductHomePage" time="11.747" classname="Application.AvactisRegisteredUser"/>
  <testcase name="CustomerHome" time="10.298" classname="Application.AvactisRegisteredUser"/>
  <testcase name="clickOnContinueCheckout" time="1.204" classname="Application.AvactisRegisteredUser"/>
  <testcase name="ProductHomePage" time="11.512" classname="Application.AvactisRegisteredUser"/>
  <testcase name="CustomerRegister" time="16.454" classname="Application.AvactisRegisteredUser"/>
  <testcase name="selectBillingOption" time="3.908" classname="Application.AvactisRegisteredUser"/>
  <testcase name="verifyProduct" time="0.270" classname="Application.AvactisRegisteredUser"/>
  <testcase name="CustomerSignIn" time="0.008" classname="Application.AvactisRegisteredUser"/>
  <testcase name="verifyProduct" time="0.116" classname="Application.AvactisRegisteredUser"/>
  <testcase name="CustomerRegister" time="14.947" classname="Application.AvactisRegisteredUser"/>
  <testcase name="clickCheckout" time="5.806" classname="Application.AvactisRegisteredUser"/>
  <testcase name="clickViewCart" time="4.411" classname="Application.AvactisRegisteredUser"/>
  <testcase name="verifyOrder" time="9.841" classname="Application.AvactisRegisteredUser"/>
  <testcase name="verifyProduct" time="5.033" classname="Application.AvactisRegisteredUser"/>
  <testcase name="clickOnCustomer" time="8.990" classname="Application.AvactisRegisteredUser"/>
  <testcase name="selectShippingOption" time="0.511" classname="Application.AvactisRegisteredUser"/>
  <testcase name="adminLogin" time="8.755" classname="Application.AvactisRegisteredUser"/>
</testsuite> <!-- Application.AvactisRegisteredUser -->
